# JRE version: OpenJDK Runtime Environment (8.0_102-b14) (build 1.8.0_102-8u102-b14.1-2-b14)
# Java VM: OpenJDK Server VM (25.102-b14 mixed mode linux-x86 )
Heap:
 def new generation   total 143936K, used 0K [0x86c00000, 0x90820000, 0x916a0000)
  eden space 128000K,   0% used [0x86c00000, 0x86c00000, 0x8e900000)
  from space 15936K,   0% used [0x8e900000, 0x8e900000, 0x8f890000)
  to   space 15936K,   0% used [0x8f890000, 0x8f890000, 0x90820000)
 tenured generation   total 319964K, used 314243K [0x916a0000, 0xa4f17000, 0xa6c00000)
   the space 319964K,  98% used [0x916a0000, 0xa4980cc8, 0xa4980e00, 0xa4f17000)
 Metaspace       used 55888K, capacity 58821K, committed 59008K, reserved 59696K
GC Heap History (10 events):
Event: 20902,199 GC heap after
Heap after GC invocations=321 (full 15):
 def new generation   total 143936K, used 10271K [0x86c00000, 0x90820000, 0x916a0000)
  eden space 128000K,   0% used [0x86c00000, 0x86c00000, 0x8e900000)
  from space 15936K,  64% used [0x8f890000, 0x90297ed0, 0x90820000)
  to   space 15936K,   0% used [0x8e900000, 0x8e900000, 0x8f890000)
 tenured generation   total 319580K, used 264760K [0x916a0000, 0xa4eb7000, 0xa6c00000)
   the space 319580K,  82% used [0x916a0000, 0xa192e280, 0xa192e400, 0xa4eb7000)
 Metaspace       used 55888K, capacity 58821K, committed 59008K, reserved 59696K
}
Event: 20902,313 GC heap before
{Heap before GC invocations=321 (full 15):
 def new generation   total 143936K, used 138271K [0x86c00000, 0x90820000, 0x916a0000)
  eden space 128000K, 100% used [0x86c00000, 0x8e900000, 0x8e900000)
  from space 15936K,  64% used [0x8f890000, 0x90297ed0, 0x90820000)
  to   space 15936K,   0% used [0x8e900000, 0x8e900000, 0x8f890000)
 tenured generation   total 319580K, used 264760K [0x916a0000, 0xa4eb7000, 0xa6c00000)
   the space 319580K,  82% used [0x916a0000, 0xa192e280, 0xa192e400, 0xa4eb7000)
 Metaspace       used 55888K, capacity 58821K, committed 59008K, reserved 59696K
Event: 20902,377 GC heap after
Heap after GC invocations=322 (full 15):
 def new generation   total 143936K, used 12655K [0x86c00000, 0x90820000, 0x916a0000)
  eden space 128000K,   0% used [0x86c00000, 0x86c00000, 0x8e900000)
  from space 15936K,  79% used [0x8e900000, 0x8f55bc10, 0x8f890000)
  to   space 15936K,   0% used [0x8f890000, 0x8f890000, 0x90820000)
 tenured generation   total 319580K, used 275011K [0x916a0000, 0xa4eb7000, 0xa6c00000)
   the space 319580K,  86% used [0x916a0000, 0xa2330e00, 0xa2330e00, 0xa4eb7000)
 Metaspace       used 55888K, capacity 58821K, committed 59008K, reserved 59696K
}
Event: 20902,514 GC heap before
{Heap before GC invocations=322 (full 15):
 def new generation   total 143936K, used 140655K [0x86c00000, 0x90820000, 0x916a0000)
  eden space 128000K, 100% used [0x86c00000, 0x8e900000, 0x8e900000)
  from space 15936K,  79% used [0x8e900000, 0x8f55bc10, 0x8f890000)
  to   space 15936K,   0% used [0x8f890000, 0x8f890000, 0x90820000)
 tenured generation   total 319580K, used 275011K [0x916a0000, 0xa4eb7000, 0xa6c00000)
   the space 319580K,  86% used [0x916a0000, 0xa2330e00, 0xa2330e00, 0xa4eb7000)
 Metaspace       used 55888K, capacity 58821K, committed 59008K, reserved 59696K
Event: 20902,575 GC heap after
Heap after GC invocations=323 (full 15):
 def new generation   total 143936K, used 10525K [0x86c00000, 0x90820000, 0x916a0000)
  eden space 128000K,   0% used [0x86c00000, 0x86c00000, 0x8e900000)
  from space 15936K,  66% used [0x8f890000, 0x902d77f0, 0x90820000)
  to   space 15936K,   0% used [0x8e900000, 0x8e900000, 0x8f890000)
 tenured generation   total 319580K, used 287658K [0x916a0000, 0xa4eb7000, 0xa6c00000)
   the space 319580K,  90% used [0x916a0000, 0xa2f8a920, 0xa2f8aa00, 0xa4eb7000)
 Metaspace       used 55888K, capacity 58821K, committed 59008K, reserved 59696K
}
Event: 20902,684 GC heap before
{Heap before GC invocations=323 (full 15):
 def new generation   total 143936K, used 138525K [0x86c00000, 0x90820000, 0x916a0000)
  eden space 128000K, 100% used [0x86c00000, 0x8e900000, 0x8e900000)
  from space 15936K,  66% used [0x8f890000, 0x902d77f0, 0x90820000)
  to   space 15936K,   0% used [0x8e900000, 0x8e900000, 0x8f890000)
 tenured generation   total 319580K, used 287658K [0x916a0000, 0xa4eb7000, 0xa6c00000)
   the space 319580K,  90% used [0x916a0000, 0xa2f8a920, 0xa2f8aa00, 0xa4eb7000)
 Metaspace       used 55888K, capacity 58821K, committed 59008K, reserved 59696K
Event: 20904,000 GC heap after
Heap after GC invocations=324 (full 15):
 def new generation   total 143936K, used 10328K [0x86c00000, 0x90820000, 0x916a0000)
  eden space 128000K,   0% used [0x86c00000, 0x86c00000, 0x8e900000)
  from space 15936K,  64% used [0x8e900000, 0x8f316340, 0x8f890000)
  to   space 15936K,   0% used [0x8f890000, 0x8f890000, 0x90820000)
 tenured generation   total 319580K, used 298172K [0x916a0000, 0xa4eb7000, 0xa6c00000)
   the space 319580K,  93% used [0x916a0000, 0xa39cf350, 0xa39cf400, 0xa4eb7000)
 Metaspace       used 55888K, capacity 58821K, committed 59008K, reserved 59696K
}
Event: 20904,249 GC heap before
{Heap before GC invocations=324 (full 15):
 def new generation   total 143936K, used 138328K [0x86c00000, 0x90820000, 0x916a0000)
  eden space 128000K, 100% used [0x86c00000, 0x8e900000, 0x8e900000)
  from space 15936K,  64% used [0x8e900000, 0x8f316340, 0x8f890000)
  to   space 15936K,   0% used [0x8f890000, 0x8f890000, 0x90820000)
 tenured generation   total 319580K, used 298172K [0x916a0000, 0xa4eb7000, 0xa6c00000)
   the space 319580K,  93% used [0x916a0000, 0xa39cf350, 0xa39cf400, 0xa4eb7000)
 Metaspace       used 55888K, capacity 58821K, committed 59008K, reserved 59696K
Event: 20904,340 GC heap after
Heap after GC invocations=325 (full 15):
 def new generation   total 143936K, used 11404K [0x86c00000, 0x90820000, 0x916a0000)
  eden space 128000K,   0% used [0x86c00000, 0x86c00000, 0x8e900000)
  from space 15936K,  71% used [0x8f890000, 0x903b3368, 0x90820000)
  to   space 15936K,   0% used [0x8e900000, 0x8e900000, 0x8f890000)
 tenured generation   total 319580K, used 308484K [0x916a0000, 0xa4eb7000, 0xa6c00000)
   the space 319580K,  96% used [0x916a0000, 0xa43e11a0, 0xa43e1200, 0xa4eb7000)
 Metaspace       used 55888K, capacity 58821K, committed 59008K, reserved 59696K
}
Event: 20904,458 GC heap before
{Heap before GC invocations=325 (full 15):
 def new generation   total 143936K, used 139404K [0x86c00000, 0x90820000, 0x916a0000)
  eden space 128000K, 100% used [0x86c00000, 0x8e900000, 0x8e900000)
  from space 15936K,  71% used [0x8f890000, 0x903b3368, 0x90820000)
  to   space 15936K,   0% used [0x8e900000, 0x8e900000, 0x8f890000)
 tenured generation   total 319580K, used 308484K [0x916a0000, 0xa4eb7000, 0xa6c00000)
   the space 319580K,  96% used [0x916a0000, 0xa43e11a0, 0xa43e1200, 0xa4eb7000)
 Metaspace       used 55888K, capacity 58821K, committed 59008K, reserved 59696K

